[debug] [2025-07-22T12:42:13.516Z] ----------------------------------------------------------------------
[debug] [2025-07-22T12:42:13.520Z] Command:       D:\nodejs\node.exe C:\Users\Sowhan\AppData\Roaming\npm\node_modules\firebase-tools\lib\bin\firebase.js init
[debug] [2025-07-22T12:42:13.520Z] CLI Version:   14.11.0
[debug] [2025-07-22T12:42:13.520Z] Platform:      win32
[debug] [2025-07-22T12:42:13.520Z] Node Version:  v20.17.0
[debug] [2025-07-22T12:42:13.521Z] Time:          Tue Jul 22 2025 18:12:13 GMT+0530 (India Standard Time)
[debug] [2025-07-22T12:42:13.521Z] ----------------------------------------------------------------------
[debug] 
[debug] [2025-07-22T12:42:13.530Z] > command requires scopes: ["email","openid","https://www.googleapis.com/auth/cloudplatformprojects.readonly","https://www.googleapis.com/auth/firebase","https://www.googleapis.com/auth/cloud-platform"]
[debug] [2025-07-22T12:42:13.531Z] > authorizing via signed-in user (suganthk2005@gmail.com)
[info] 
     ######## #### ########  ######## ########     ###     ######  ########
     ##        ##  ##     ## ##       ##     ##  ##   ##  ##       ##
     ######    ##  ########  ######   ########  #########  ######  ######
     ##        ##  ##    ##  ##       ##     ## ##     ##       ## ##
     ##       #### ##     ## ######## ########  ##     ##  ######  ########

You're about to initialize a Firebase project in this directory:

  D:\VS Project\Agentic\Raseed-Backend\ui_new

[info] 
=== Project Setup
[info] 
[info] First, let's associate this project directory with a Firebase project.
[info] You can create multiple project aliases by running firebase use --add, 
[info] but for now we'll just set up a default project.
[info] 
[debug] [2025-07-22T12:43:53.840Z] Checked if tokens are valid: true, expires at: 1753190839310
[debug] [2025-07-22T12:43:53.840Z] Checked if tokens are valid: true, expires at: 1753190839310
[debug] [2025-07-22T12:43:53.843Z] >>> [apiv2][query] GET https://firebase.googleapis.com/v1beta1/availableProjects pageSize=100
[debug] [2025-07-22T12:43:55.359Z] <<< [apiv2][status] GET https://firebase.googleapis.com/v1beta1/availableProjects 200
[debug] [2025-07-22T12:43:55.359Z] <<< [apiv2][body] GET https://firebase.googleapis.com/v1beta1/availableProjects [omitted]
[debug] [2025-07-22T12:43:59.438Z] Checked if tokens are valid: true, expires at: 1753190839310
[debug] [2025-07-22T12:43:59.438Z] Checked if tokens are valid: true, expires at: 1753190839310
[debug] [2025-07-22T12:43:59.438Z] >>> [apiv2][query] POST https://firebase.googleapis.com/v1beta1/projects/raseed-backend-2025:addFirebase [none]
[debug] [2025-07-22T12:44:01.385Z] <<< [apiv2][status] POST https://firebase.googleapis.com/v1beta1/projects/raseed-backend-2025:addFirebase 200
[debug] [2025-07-22T12:44:01.386Z] <<< [apiv2][body] POST https://firebase.googleapis.com/v1beta1/projects/raseed-backend-2025:addFirebase {"name":"operations/workflows/ZDJmODVlOTItYmQxMS00Mjc0LThjYjMtNTFhN2FmYjU3ODlm"}
[debug] [2025-07-22T12:44:01.387Z] Checked if tokens are valid: true, expires at: 1753190839310
[debug] [2025-07-22T12:44:01.387Z] Checked if tokens are valid: true, expires at: 1753190839310
[debug] [2025-07-22T12:44:01.387Z] >>> [apiv2][query] GET https://firebase.googleapis.com/v1beta1/operations/workflows/ZDJmODVlOTItYmQxMS00Mjc0LThjYjMtNTFhN2FmYjU3ODlm [none]
[debug] [2025-07-22T12:44:02.119Z] <<< [apiv2][status] GET https://firebase.googleapis.com/v1beta1/operations/workflows/ZDJmODVlOTItYmQxMS00Mjc0LThjYjMtNTFhN2FmYjU3ODlm 200
[debug] [2025-07-22T12:44:02.120Z] <<< [apiv2][body] GET https://firebase.googleapis.com/v1beta1/operations/workflows/ZDJmODVlOTItYmQxMS00Mjc0LThjYjMtNTFhN2FmYjU3ODlm {"name":"operations/workflows/ZDJmODVlOTItYmQxMS00Mjc0LThjYjMtNTFhN2FmYjU3ODlm"}
[debug] [2025-07-22T12:44:02.633Z] [Add Firebase Poller] Retrying task index 0
[debug] [2025-07-22T12:44:02.634Z] Checked if tokens are valid: true, expires at: 1753190839310
[debug] [2025-07-22T12:44:02.634Z] Checked if tokens are valid: true, expires at: 1753190839310
[debug] [2025-07-22T12:44:02.635Z] >>> [apiv2][query] GET https://firebase.googleapis.com/v1beta1/operations/workflows/ZDJmODVlOTItYmQxMS00Mjc0LThjYjMtNTFhN2FmYjU3ODlm [none]
[debug] [2025-07-22T12:44:03.321Z] <<< [apiv2][status] GET https://firebase.googleapis.com/v1beta1/operations/workflows/ZDJmODVlOTItYmQxMS00Mjc0LThjYjMtNTFhN2FmYjU3ODlm 200
[debug] [2025-07-22T12:44:03.321Z] <<< [apiv2][body] GET https://firebase.googleapis.com/v1beta1/operations/workflows/ZDJmODVlOTItYmQxMS00Mjc0LThjYjMtNTFhN2FmYjU3ODlm {"name":"operations/workflows/ZDJmODVlOTItYmQxMS00Mjc0LThjYjMtNTFhN2FmYjU3ODlm"}
[debug] [2025-07-22T12:44:04.335Z] [Add Firebase Poller] Retrying task index 0
[debug] [2025-07-22T12:44:04.336Z] Checked if tokens are valid: true, expires at: 1753190839310
[debug] [2025-07-22T12:44:04.336Z] Checked if tokens are valid: true, expires at: 1753190839310
[debug] [2025-07-22T12:44:04.336Z] >>> [apiv2][query] GET https://firebase.googleapis.com/v1beta1/operations/workflows/ZDJmODVlOTItYmQxMS00Mjc0LThjYjMtNTFhN2FmYjU3ODlm [none]
[debug] [2025-07-22T12:44:05.285Z] <<< [apiv2][status] GET https://firebase.googleapis.com/v1beta1/operations/workflows/ZDJmODVlOTItYmQxMS00Mjc0LThjYjMtNTFhN2FmYjU3ODlm 200
[debug] [2025-07-22T12:44:05.286Z] <<< [apiv2][body] GET https://firebase.googleapis.com/v1beta1/operations/workflows/ZDJmODVlOTItYmQxMS00Mjc0LThjYjMtNTFhN2FmYjU3ODlm {"name":"operations/workflows/ZDJmODVlOTItYmQxMS00Mjc0LThjYjMtNTFhN2FmYjU3ODlm"}
[debug] [2025-07-22T12:44:07.291Z] [Add Firebase Poller] Retrying task index 0
[debug] [2025-07-22T12:44:07.292Z] Checked if tokens are valid: true, expires at: 1753190839310
[debug] [2025-07-22T12:44:07.292Z] Checked if tokens are valid: true, expires at: 1753190839310
[debug] [2025-07-22T12:44:07.293Z] >>> [apiv2][query] GET https://firebase.googleapis.com/v1beta1/operations/workflows/ZDJmODVlOTItYmQxMS00Mjc0LThjYjMtNTFhN2FmYjU3ODlm [none]
[debug] [2025-07-22T12:44:07.828Z] <<< [apiv2][status] GET https://firebase.googleapis.com/v1beta1/operations/workflows/ZDJmODVlOTItYmQxMS00Mjc0LThjYjMtNTFhN2FmYjU3ODlm 200
[debug] [2025-07-22T12:44:07.828Z] <<< [apiv2][body] GET https://firebase.googleapis.com/v1beta1/operations/workflows/ZDJmODVlOTItYmQxMS00Mjc0LThjYjMtNTFhN2FmYjU3ODlm {"name":"operations/workflows/ZDJmODVlOTItYmQxMS00Mjc0LThjYjMtNTFhN2FmYjU3ODlm","done":true,"response":{"@type":"type.googleapis.com/google.firebase.service.v1beta1.FirebaseProject","projectId":"raseed-backend-2025","projectNumber":"381171297188","displayName":"raseed-backend-2025","name":"projects/raseed-backend-2025","resources":{"hostingSite":"raseed-backend-2025"}}}
[info] 
[info] === Your Firebase project is ready! ===
[info] 
[info] Project information:
[info]    - Project ID: raseed-backend-2025
[info]    - Project Name: raseed-backend-2025
[info] 
[info] Firebase console is available at
[info] https://console.firebase.google.com/project/raseed-backend-2025/overview
[info] i  Using project raseed-backend-2025 (raseed-backend-2025) 
[info] 
=== Dataconnect Setup
[debug] [2025-07-22T12:44:07.868Z] Checked if tokens are valid: true, expires at: 1753190839310
[debug] [2025-07-22T12:44:07.869Z] Checked if tokens are valid: true, expires at: 1753190839310
[debug] [2025-07-22T12:44:07.869Z] >>> [apiv2][query] GET https://cloudbilling.googleapis.com/v1/projects/raseed-backend-2025/billingInfo [none]
[debug] [2025-07-22T12:44:10.306Z] <<< [apiv2][status] GET https://cloudbilling.googleapis.com/v1/projects/raseed-backend-2025/billingInfo 200
[debug] [2025-07-22T12:44:10.306Z] <<< [apiv2][body] GET https://cloudbilling.googleapis.com/v1/projects/raseed-backend-2025/billingInfo {"name":"projects/raseed-backend-2025/billingInfo","projectId":"raseed-backend-2025","billingAccountName":"billingAccounts/01E6B3-657FBA-A6C645","billingEnabled":true}
[info] i  dataconnect: ensuring required API firebasedataconnect.googleapis.com is enabled... 
[debug] [2025-07-22T12:44:10.308Z] Checked if tokens are valid: true, expires at: 1753190839310
[debug] [2025-07-22T12:44:10.308Z] Checked if tokens are valid: true, expires at: 1753190839310
[debug] [2025-07-22T12:44:10.308Z] >>> [apiv2][query] GET https://serviceusage.googleapis.com/v1/projects/raseed-backend-2025/services/firebasedataconnect.googleapis.com [none]
[debug] [2025-07-22T12:44:10.308Z] >>> [apiv2][(partial)header] GET https://serviceusage.googleapis.com/v1/projects/raseed-backend-2025/services/firebasedataconnect.googleapis.com x-goog-quota-user=projects/raseed-backend-2025
[debug] [2025-07-22T12:44:12.730Z] <<< [apiv2][status] GET https://serviceusage.googleapis.com/v1/projects/raseed-backend-2025/services/firebasedataconnect.googleapis.com 200
[debug] [2025-07-22T12:44:12.731Z] <<< [apiv2][body] GET https://serviceusage.googleapis.com/v1/projects/raseed-backend-2025/services/firebasedataconnect.googleapis.com [omitted]
[warn] !  dataconnect: missing required API firebasedataconnect.googleapis.com. Enabling now... 
[debug] [2025-07-22T12:44:12.732Z] Checked if tokens are valid: true, expires at: 1753190839310
[debug] [2025-07-22T12:44:12.732Z] Checked if tokens are valid: true, expires at: 1753190839310
[debug] [2025-07-22T12:44:12.732Z] >>> [apiv2][query] POST https://serviceusage.googleapis.com/v1/projects/raseed-backend-2025/services/firebasedataconnect.googleapis.com:enable [none]
[debug] [2025-07-22T12:44:12.732Z] >>> [apiv2][(partial)header] POST https://serviceusage.googleapis.com/v1/projects/raseed-backend-2025/services/firebasedataconnect.googleapis.com:enable x-goog-quota-user=projects/raseed-backend-2025
[debug] [2025-07-22T12:44:13.386Z] <<< [apiv2][status] POST https://serviceusage.googleapis.com/v1/projects/raseed-backend-2025/services/firebasedataconnect.googleapis.com:enable 200
[debug] [2025-07-22T12:44:13.386Z] <<< [apiv2][body] POST https://serviceusage.googleapis.com/v1/projects/raseed-backend-2025/services/firebasedataconnect.googleapis.com:enable [omitted]
[info] i  dataconnect: ensuring required API sqladmin.googleapis.com is enabled... 
[debug] [2025-07-22T12:44:23.443Z] Checked if tokens are valid: true, expires at: 1753190839310
[debug] [2025-07-22T12:44:23.443Z] Checked if tokens are valid: true, expires at: 1753190839310
[debug] [2025-07-22T12:44:23.443Z] >>> [apiv2][query] GET https://serviceusage.googleapis.com/v1/projects/raseed-backend-2025/services/sqladmin.googleapis.com [none]
[debug] [2025-07-22T12:44:23.444Z] >>> [apiv2][(partial)header] GET https://serviceusage.googleapis.com/v1/projects/raseed-backend-2025/services/sqladmin.googleapis.com x-goog-quota-user=projects/raseed-backend-2025
[debug] [2025-07-22T12:44:25.895Z] <<< [apiv2][status] GET https://serviceusage.googleapis.com/v1/projects/raseed-backend-2025/services/sqladmin.googleapis.com 200
[debug] [2025-07-22T12:44:25.895Z] <<< [apiv2][body] GET https://serviceusage.googleapis.com/v1/projects/raseed-backend-2025/services/sqladmin.googleapis.com [omitted]
[warn] !  dataconnect: missing required API sqladmin.googleapis.com. Enabling now... 
[debug] [2025-07-22T12:44:25.896Z] Checked if tokens are valid: true, expires at: 1753190839310
[debug] [2025-07-22T12:44:25.896Z] Checked if tokens are valid: true, expires at: 1753190839310
[debug] [2025-07-22T12:44:25.896Z] >>> [apiv2][query] POST https://serviceusage.googleapis.com/v1/projects/raseed-backend-2025/services/sqladmin.googleapis.com:enable [none]
[debug] [2025-07-22T12:44:25.896Z] >>> [apiv2][(partial)header] POST https://serviceusage.googleapis.com/v1/projects/raseed-backend-2025/services/sqladmin.googleapis.com:enable x-goog-quota-user=projects/raseed-backend-2025
[debug] [2025-07-22T12:44:26.474Z] <<< [apiv2][status] POST https://serviceusage.googleapis.com/v1/projects/raseed-backend-2025/services/sqladmin.googleapis.com:enable 200
[debug] [2025-07-22T12:44:26.474Z] <<< [apiv2][body] POST https://serviceusage.googleapis.com/v1/projects/raseed-backend-2025/services/sqladmin.googleapis.com:enable [omitted]
[info] i  dataconnect: ensuring required API compute.googleapis.com is enabled... 
[debug] [2025-07-22T12:44:36.517Z] Checked if tokens are valid: true, expires at: 1753190839310
[debug] [2025-07-22T12:44:36.517Z] Checked if tokens are valid: true, expires at: 1753190839310
[debug] [2025-07-22T12:44:36.517Z] >>> [apiv2][query] GET https://serviceusage.googleapis.com/v1/projects/raseed-backend-2025/services/compute.googleapis.com [none]
[debug] [2025-07-22T12:44:36.517Z] >>> [apiv2][(partial)header] GET https://serviceusage.googleapis.com/v1/projects/raseed-backend-2025/services/compute.googleapis.com x-goog-quota-user=projects/raseed-backend-2025
[debug] [2025-07-22T12:44:39.275Z] <<< [apiv2][status] GET https://serviceusage.googleapis.com/v1/projects/raseed-backend-2025/services/compute.googleapis.com 200
[debug] [2025-07-22T12:44:39.275Z] <<< [apiv2][body] GET https://serviceusage.googleapis.com/v1/projects/raseed-backend-2025/services/compute.googleapis.com [omitted]
[warn] !  dataconnect: missing required API compute.googleapis.com. Enabling now... 
[debug] [2025-07-22T12:44:39.276Z] Checked if tokens are valid: true, expires at: 1753190839310
[debug] [2025-07-22T12:44:39.276Z] Checked if tokens are valid: true, expires at: 1753190839310
[debug] [2025-07-22T12:44:39.276Z] >>> [apiv2][query] POST https://serviceusage.googleapis.com/v1/projects/raseed-backend-2025/services/compute.googleapis.com:enable [none]
[debug] [2025-07-22T12:44:39.277Z] >>> [apiv2][(partial)header] POST https://serviceusage.googleapis.com/v1/projects/raseed-backend-2025/services/compute.googleapis.com:enable x-goog-quota-user=projects/raseed-backend-2025
[debug] [2025-07-22T12:44:40.104Z] <<< [apiv2][status] POST https://serviceusage.googleapis.com/v1/projects/raseed-backend-2025/services/compute.googleapis.com:enable 200
[debug] [2025-07-22T12:44:40.105Z] <<< [apiv2][body] POST https://serviceusage.googleapis.com/v1/projects/raseed-backend-2025/services/compute.googleapis.com:enable [omitted]
[debug] [2025-07-22T12:44:50.149Z] Checked if tokens are valid: true, expires at: 1753190839310
[debug] [2025-07-22T12:44:50.150Z] Checked if tokens are valid: true, expires at: 1753190839310
[debug] [2025-07-22T12:44:50.150Z] >>> [apiv2][query] GET https://firebasedataconnect.googleapis.com/v1/projects/raseed-backend-2025/locations/-/services [none]
[debug] [2025-07-22T12:44:53.229Z] <<< [apiv2][status] GET https://firebasedataconnect.googleapis.com/v1/projects/raseed-backend-2025/locations/-/services 200
[debug] [2025-07-22T12:44:53.229Z] <<< [apiv2][body] GET https://firebasedataconnect.googleapis.com/v1/projects/raseed-backend-2025/locations/-/services {}
[info] +  Wrote dataconnect\dataconnect.yaml 
[info] +  Wrote dataconnect\schema\schema.gql 
[info] +  Wrote dataconnect\connector\connector.yaml 
[info] +  Wrote dataconnect\connector\queries.gql 
[info] +  Wrote dataconnect\connector\mutations.gql 
[info] +  Detected FLUTTER app in directory D:\VS Project\Agentic\Raseed-Backend\ui_new 
[info] i  Writing your new SDK configuration to D:\VS Project\Agentic\Raseed-Backend\ui_new\dataconnect\connector/connector.yaml 
[info] i  Skipping write of dataconnect\connector\connector.yaml 
[info] i  dataconnect: downloading dataconnect-emulator-2.10.0.exe... {"metadata":{"emulator":{"name":"dataconnect"},"message":"downloading dataconnect-emulator-2.10.0.exe..."}}
[debug] [2025-07-22T12:45:18.361Z] >>> [apiv2][query] GET https://storage.googleapis.com/firemat-preview-drop/emulator/dataconnect-emulator-windows-v2.10.0 
[debug] [2025-07-22T12:45:21.196Z] <<< [apiv2][status] GET https://storage.googleapis.com/firemat-preview-drop/emulator/dataconnect-emulator-windows-v2.10.0 200
[debug] [2025-07-22T12:45:21.196Z] <<< [apiv2][body] GET https://storage.googleapis.com/firemat-preview-drop/emulator/dataconnect-emulator-windows-v2.10.0 [stream]
[debug] [2025-07-22T12:46:06.904Z] defaultcredentials: writing to file C:\Users\Sowhan\AppData\Roaming\firebase\suganthk2005_gmail_com_application_default_credentials.json
[info] I0722 18:16:13.468492   11932 generate.go:40] Generated all sources. Writing them to disk...

[info] i  Generated SDK code for default 
[info] +  If you'd like to add more generated SDKs to your app your later, run firebase init dataconnect:sdk again 
[info] 
=== Firestore Setup
[info] i  firestore: ensuring required API firestore.googleapis.com is enabled... 
[debug] [2025-07-22T12:46:13.471Z] Checked if tokens are valid: true, expires at: 1753190839310
[debug] [2025-07-22T12:46:13.471Z] Checked if tokens are valid: true, expires at: 1753190839310
[debug] [2025-07-22T12:46:13.471Z] >>> [apiv2][query] GET https://serviceusage.googleapis.com/v1/projects/raseed-backend-2025/services/firestore.googleapis.com [none]
[debug] [2025-07-22T12:46:13.472Z] >>> [apiv2][(partial)header] GET https://serviceusage.googleapis.com/v1/projects/raseed-backend-2025/services/firestore.googleapis.com x-goog-quota-user=projects/raseed-backend-2025
[debug] [2025-07-22T12:46:16.150Z] <<< [apiv2][status] GET https://serviceusage.googleapis.com/v1/projects/raseed-backend-2025/services/firestore.googleapis.com 200
[debug] [2025-07-22T12:46:16.151Z] <<< [apiv2][body] GET https://serviceusage.googleapis.com/v1/projects/raseed-backend-2025/services/firestore.googleapis.com [omitted]
[info] +  firestore: required API firestore.googleapis.com is enabled 
[debug] [2025-07-22T12:46:16.193Z] Checked if tokens are valid: true, expires at: 1753190839310
[debug] [2025-07-22T12:46:16.193Z] Checked if tokens are valid: true, expires at: 1753190839310
[debug] [2025-07-22T12:46:16.193Z] >>> [apiv2][query] GET https://firestore.googleapis.com/v1/projects/raseed-backend-2025/databases [none]
[debug] [2025-07-22T12:46:17.172Z] <<< [apiv2][status] GET https://firestore.googleapis.com/v1/projects/raseed-backend-2025/databases 200
[debug] [2025-07-22T12:46:17.173Z] <<< [apiv2][body] GET https://firestore.googleapis.com/v1/projects/raseed-backend-2025/databases {}
[debug] [2025-07-22T12:46:17.173Z] Checked if tokens are valid: true, expires at: 1753190839310
[debug] [2025-07-22T12:46:17.173Z] Checked if tokens are valid: true, expires at: 1753190839310
[debug] [2025-07-22T12:46:17.173Z] >>> [apiv2][query] GET https://firestore.googleapis.com/v1/projects/raseed-backend-2025/locations [none]
[debug] [2025-07-22T12:46:17.384Z] <<< [apiv2][status] GET https://firestore.googleapis.com/v1/projects/raseed-backend-2025/locations 200
[debug] [2025-07-22T12:46:17.384Z] <<< [apiv2][body] GET https://firestore.googleapis.com/v1/projects/raseed-backend-2025/locations {"locations":[{"name":"projects/raseed-backend-2025/locations/eur3","labels":{"appengine.googleapis.com/geo":"europe-west","cloud.googleapis.com/location":"eur3","cloud.googleapis.com/geo":"eur3"},"metadata":{"@type":"type.googleapis.com/google.firestore.admin.v1.LocationMetadata"},"locationId":"eur3","displayName":"Europe"},{"name":"projects/raseed-backend-2025/locations/nam5","labels":{"appengine.googleapis.com/geo":"us-central","cloud.googleapis.com/location":"nam5","cloud.googleapis.com/geo":"nam5"},"metadata":{"@type":"type.googleapis.com/google.firestore.admin.v1.LocationMetadata"},"locationId":"nam5","displayName":"United States"},{"name":"projects/raseed-backend-2025/locations/nam7","labels":{"cloud.googleapis.com/location":"nam7","cloud.googleapis.com/geo":"nam7"},"metadata":{"@type":"type.googleapis.com/google.firestore.admin.v1.LocationMetadata"},"locationId":"nam7","displayName":"United States"},{"name":"projects/raseed-backend-2025/locations/africa-south1","labels":{"cloud.googleapis.com/location":"africa-south1","cloud.googleapis.com/region":"africa-south1"},"metadata":{"@type":"type.googleapis.com/google.firestore.admin.v1.LocationMetadata"},"locationId":"africa-south1","displayName":"Johannesburg"},{"name":"projects/raseed-backend-2025/locations/asia-east1","labels":{"appengine.googleapis.com/region":"asia-east1","cloud.googleapis.com/location":"asia-east1","cloud.googleapis.com/region":"asia-east1"},"metadata":{"@type":"type.googleapis.com/google.firestore.admin.v1.LocationMetadata"},"locationId":"asia-east1","displayName":"Taiwan"},{"name":"projects/raseed-backend-2025/locations/asia-east2","labels":{"appengine.googleapis.com/region":"asia-east2","cloud.googleapis.com/location":"asia-east2","cloud.googleapis.com/region":"asia-east2"},"metadata":{"@type":"type.googleapis.com/google.firestore.admin.v1.LocationMetadata"},"locationId":"asia-east2","displayName":"Hong Kong"},{"name":"projects/raseed-backend-2025/locations/asia-northeast1","labels":{"appengine.googleapis.com/region":"asia-northeast1","cloud.googleapis.com/location":"asia-northeast1","cloud.googleapis.com/region":"asia-northeast1"},"metadata":{"@type":"type.googleapis.com/google.firestore.admin.v1.LocationMetadata"},"locationId":"asia-northeast1","displayName":"Tokyo"},{"name":"projects/raseed-backend-2025/locations/asia-northeast2","labels":{"appengine.googleapis.com/region":"asia-northeast2","cloud.googleapis.com/location":"asia-northeast2","cloud.googleapis.com/region":"asia-northeast2"},"metadata":{"@type":"type.googleapis.com/google.firestore.admin.v1.LocationMetadata"},"locationId":"asia-northeast2","displayName":"Osaka"},{"name":"projects/raseed-backend-2025/locations/asia-northeast3","labels":{"appengine.googleapis.com/region":"asia-northeast3","cloud.googleapis.com/location":"asia-northeast3","cloud.googleapis.com/region":"asia-northeast3"},"metadata":{"@type":"type.googleapis.com/google.firestore.admin.v1.LocationMetadata"},"locationId":"asia-northeast3","displayName":"Seoul"},{"name":"projects/raseed-backend-2025/locations/asia-south1","labels":{"appengine.googleapis.com/region":"asia-south1","cloud.googleapis.com/location":"asia-south1","cloud.googleapis.com/region":"asia-south1"},"metadata":{"@type":"type.googleapis.com/google.firestore.admin.v1.LocationMetadata"},"locationId":"asia-south1","displayName":"Mumbai"},{"name":"projects/raseed-backend-2025/locations/asia-south2","labels":{"cloud.googleapis.com/location":"asia-south2","cloud.googleapis.com/region":"asia-south2"},"metadata":{"@type":"type.googleapis.com/google.firestore.admin.v1.LocationMetadata"},"locationId":"asia-south2","displayName":"Delhi"},{"name":"projects/raseed-backend-2025/locations/asia-southeast1","labels":{"appengine.googleapis.com/region":"asia-southeast1","cloud.googleapis.com/location":"asia-southeast1","cloud.googleapis.com/region":"asia-southeast1"},"metadata":{"@type":"type.googleapis.com/google.firestore.admin.v1.LocationMetadata"},"locationId":"asia-southeast1","displayName":"Singapore"},{"name":"projects/raseed-backend-2025/locations/asia-southeast2","labels":{"appengine.googleapis.com/region":"asia-southeast2","cloud.googleapis.com/location":"asia-southeast2","cloud.googleapis.com/region":"asia-southeast2"},"metadata":{"@type":"type.googleapis.com/google.firestore.admin.v1.LocationMetadata"},"locationId":"asia-southeast2","displayName":"Jakarta"},{"name":"projects/raseed-backend-2025/locations/australia-southeast1","labels":{"appengine.googleapis.com/region":"australia-southeast1","cloud.googleapis.com/location":"australia-southeast1","cloud.googleapis.com/region":"australia-southeast1"},"metadata":{"@type":"type.googleapis.com/google.firestore.admin.v1.LocationMetadata"},"locationId":"australia-southeast1","displayName":"Sydney"},{"name":"projects/raseed-backend-2025/locations/australia-southeast2","labels":{"cloud.googleapis.com/location":"australia-southeast2","cloud.googleapis.com/region":"australia-southeast2"},"metadata":{"@type":"type.googleapis.com/google.firestore.admin.v1.LocationMetadata"},"locationId":"australia-southeast2","displayName":"Melbourne"},{"name":"projects/raseed-backend-2025/locations/europe-central2","labels":{"appengine.googleapis.com/region":"europe-central2","cloud.googleapis.com/location":"europe-central2","cloud.googleapis.com/region":"europe-central2"},"metadata":{"@type":"type.googleapis.com/google.firestore.admin.v1.LocationMetadata"},"locationId":"europe-central2","displayName":"Warsaw"},{"name":"projects/raseed-backend-2025/locations/europe-north1","labels":{"cloud.googleapis.com/location":"europe-north1","cloud.googleapis.com/region":"europe-north1"},"metadata":{"@type":"type.googleapis.com/google.firestore.admin.v1.LocationMetadata"},"locationId":"europe-north1","displayName":"Finland"},{"name":"projects/raseed-backend-2025/locations/europe-north2","labels":{"cloud.googleapis.com/location":"europe-north2","cloud.googleapis.com/region":"europe-north2"},"metadata":{"@type":"type.googleapis.com/google.firestore.admin.v1.LocationMetadata"},"locationId":"europe-north2","displayName":"Stockholm"},{"name":"projects/raseed-backend-2025/locations/europe-southwest1","labels":{"cloud.googleapis.com/location":"europe-southwest1","cloud.googleapis.com/region":"europe-southwest1"},"metadata":{"@type":"type.googleapis.com/google.firestore.admin.v1.LocationMetadata"},"locationId":"europe-southwest1","displayName":"Madrid"},{"name":"projects/raseed-backend-2025/locations/europe-west1","labels":{"cloud.googleapis.com/location":"europe-west1","cloud.googleapis.com/region":"europe-west1"},"metadata":{"@type":"type.googleapis.com/google.firestore.admin.v1.LocationMetadata"},"locationId":"europe-west1","displayName":"Belgium"},{"name":"projects/raseed-backend-2025/locations/europe-west10","labels":{"cloud.googleapis.com/location":"europe-west10","cloud.googleapis.com/region":"europe-west10"},"metadata":{"@type":"type.googleapis.com/google.firestore.admin.v1.LocationMetadata"},"locationId":"europe-west10","displayName":"Berlin"},{"name":"projects/raseed-backend-2025/locations/europe-west12","labels":{"cloud.googleapis.com/location":"europe-west12","cloud.googleapis.com/region":"europe-west12"},"metadata":{"@type":"type.googleapis.com/google.firestore.admin.v1.LocationMetadata"},"locationId":"europe-west12","displayName":"Turin"},{"name":"projects/raseed-backend-2025/locations/europe-west2","labels":{"appengine.googleapis.com/region":"europe-west2","cloud.googleapis.com/location":"europe-west2","cloud.googleapis.com/region":"europe-west2"},"metadata":{"@type":"type.googleapis.com/google.firestore.admin.v1.LocationMetadata"},"locationId":"europe-west2","displayName":"London"},{"name":"projects/raseed-backend-2025/locations/europe-west3","labels":{"appengine.googleapis.com/region":"europe-west3","cloud.googleapis.com/location":"europe-west3","cloud.googleapis.com/region":"europe-west3"},"metadata":{"@type":"type.googleapis.com/google.firestore.admin.v1.LocationMetadata"},"locationId":"europe-west3","displayName":"Frankfurt"},{"name":"projects/raseed-backend-2025/locations/europe-west4","labels":{"cloud.googleapis.com/location":"europe-west4","cloud.googleapis.com/region":"europe-west4"},"metadata":{"@type":"type.googleapis.com/google.firestore.admin.v1.LocationMetadata"},"locationId":"europe-west4","displayName":"Netherlands"},{"name":"projects/raseed-backend-2025/locations/europe-west6","labels":{"appengine.googleapis.com/region":"europe-west6","cloud.googleapis.com/location":"europe-west6","cloud.googleapis.com/region":"europe-west6"},"metadata":{"@type":"type.googleapis.com/google.firestore.admin.v1.LocationMetadata"},"locationId":"europe-west6","displayName":"Zurich"},{"name":"projects/raseed-backend-2025/locations/europe-west8","labels":{"cloud.googleapis.com/location":"europe-west8","cloud.googleapis.com/region":"europe-west8"},"metadata":{"@type":"type.googleapis.com/google.firestore.admin.v1.LocationMetadata"},"locationId":"europe-west8","displayName":"Milan"},{"name":"projects/raseed-backend-2025/locations/europe-west9","labels":{"cloud.googleapis.com/location":"europe-west9","cloud.googleapis.com/region":"europe-west9"},"metadata":{"@type":"type.googleapis.com/google.firestore.admin.v1.LocationMetadata"},"locationId":"europe-west9","displayName":"Paris"},{"name":"projects/raseed-backend-2025/locations/me-central1","labels":{"cloud.googleapis.com/location":"me-central1","cloud.googleapis.com/region":"me-central1"},"metadata":{"@type":"type.googleapis.com/google.firestore.admin.v1.LocationMetadata"},"locationId":"me-central1","displayName":"Doha"},{"name":"projects/raseed-backend-2025/locations/me-central2","labels":{"cloud.googleapis.com/location":"me-central2","cloud.googleapis.com/region":"me-central2"},"metadata":{"@type":"type.googleapis.com/google.firestore.admin.v1.LocationMetadata"},"locationId":"me-central2","displayName":"Dammam"},{"name":"projects/raseed-backend-2025/locations/me-west1","labels":{"cloud.googleapis.com/location":"me-west1","cloud.googleapis.com/region":"me-west1"},"metadata":{"@type":"type.googleapis.com/google.firestore.admin.v1.LocationMetadata"},"locationId":"me-west1","displayName":"Tel Aviv"},{"name":"projects/raseed-backend-2025/locations/northamerica-northeast1","labels":{"appengine.googleapis.com/region":"northamerica-northeast1","cloud.googleapis.com/location":"northamerica-northeast1","cloud.googleapis.com/region":"northamerica-northeast1"},"metadata":{"@type":"type.googleapis.com/google.firestore.admin.v1.LocationMetadata"},"locationId":"northamerica-northeast1","displayName":"Montréal"},{"name":"projects/raseed-backend-2025/locations/northamerica-northeast2","labels":{"cloud.googleapis.com/location":"northamerica-northeast2","cloud.googleapis.com/region":"northamerica-northeast2"},"metadata":{"@type":"type.googleapis.com/google.firestore.admin.v1.LocationMetadata"},"locationId":"northamerica-northeast2","displayName":"Toronto"},{"name":"projects/raseed-backend-2025/locations/northamerica-south1","labels":{"cloud.googleapis.com/location":"northamerica-south1","cloud.googleapis.com/region":"northamerica-south1"},"metadata":{"@type":"type.googleapis.com/google.firestore.admin.v1.LocationMetadata"},"locationId":"northamerica-south1","displayName":"Mexico"},{"name":"projects/raseed-backend-2025/locations/southamerica-east1","labels":{"appengine.googleapis.com/region":"southamerica-east1","cloud.googleapis.com/location":"southamerica-east1","cloud.googleapis.com/region":"southamerica-east1"},"metadata":{"@type":"type.googleapis.com/google.firestore.admin.v1.LocationMetadata"},"locationId":"southamerica-east1","displayName":"São Paulo"},{"name":"projects/raseed-backend-2025/locations/southamerica-west1","labels":{"cloud.googleapis.com/location":"southamerica-west1","cloud.googleapis.com/region":"southamerica-west1"},"metadata":{"@type":"type.googleapis.com/google.firestore.admin.v1.LocationMetadata"},"locationId":"southamerica-west1","displayName":"Santiago"},{"name":"projects/raseed-backend-2025/locations/us-central1","labels":{"cloud.googleapis.com/location":"us-central1","cloud.googleapis.com/region":"us-central1"},"metadata":{"@type":"type.googleapis.com/google.firestore.admin.v1.LocationMetadata"},"locationId":"us-central1","displayName":"Iowa"},{"name":"projects/raseed-backend-2025/locations/us-east1","labels":{"appengine.googleapis.com/region":"us-east1","cloud.googleapis.com/location":"us-east1","cloud.googleapis.com/region":"us-east1"},"metadata":{"@type":"type.googleapis.com/google.firestore.admin.v1.LocationMetadata"},"locationId":"us-east1","displayName":"South Carolina"},{"name":"projects/raseed-backend-2025/locations/us-east4","labels":{"appengine.googleapis.com/region":"us-east4","cloud.googleapis.com/location":"us-east4","cloud.googleapis.com/region":"us-east4"},"metadata":{"@type":"type.googleapis.com/google.firestore.admin.v1.LocationMetadata"},"locationId":"us-east4","displayName":"Northern Virginia"},{"name":"projects/raseed-backend-2025/locations/us-east5","labels":{"cloud.googleapis.com/location":"us-east5","cloud.googleapis.com/region":"us-east5"},"metadata":{"@type":"type.googleapis.com/google.firestore.admin.v1.LocationMetadata"},"locationId":"us-east5","displayName":"Columbus"},{"name":"projects/raseed-backend-2025/locations/us-south1","labels":{"cloud.googleapis.com/location":"us-south1","cloud.googleapis.com/region":"us-south1"},"metadata":{"@type":"type.googleapis.com/google.firestore.admin.v1.LocationMetadata"},"locationId":"us-south1","displayName":"Dallas"},{"name":"projects/raseed-backend-2025/locations/us-west1","labels":{"appengine.googleapis.com/region":"us-west1","cloud.googleapis.com/location":"us-west1","cloud.googleapis.com/region":"us-west1"},"metadata":{"@type":"type.googleapis.com/google.firestore.admin.v1.LocationMetadata"},"locationId":"us-west1","displayName":"Oregon"},{"name":"projects/raseed-backend-2025/locations/us-west2","labels":{"appengine.googleapis.com/region":"us-west2","cloud.googleapis.com/location":"us-west2","cloud.googleapis.com/region":"us-west2"},"metadata":{"@type":"type.googleapis.com/google.firestore.admin.v1.LocationMetadata"},"locationId":"us-west2","displayName":"Los Angeles"},{"name":"projects/raseed-backend-2025/locations/us-west3","labels":{"appengine.googleapis.com/region":"us-west3","cloud.googleapis.com/location":"us-west3","cloud.googleapis.com/region":"us-west3"},"metadata":{"@type":"type.googleapis.com/google.firestore.admin.v1.LocationMetadata"},"locationId":"us-west3","displayName":"Salt Lake City"},{"name":"projects/raseed-backend-2025/locations/us-west4","labels":{"appengine.googleapis.com/region":"us-west4","cloud.googleapis.com/location":"us-west4","cloud.googleapis.com/region":"us-west4"},"metadata":{"@type":"type.googleapis.com/google.firestore.admin.v1.LocationMetadata"},"locationId":"us-west4","displayName":"Las Vegas"},{"name":"projects/raseed-backend-2025/locations/us-west8","labels":{"cloud.googleapis.com/location":"us-west8","cloud.googleapis.com/region":"us-west8"},"metadata":{"@type":"type.googleapis.com/google.firestore.admin.v1.LocationMetadata"},"locationId":"us-west8","displayName":"Phoenix"}]}
[info] 
[info] Firestore Security Rules allow you to define how and when to allow
[info] requests. You can keep these rules in your project directory
[info] and publish them with firebase deploy.
[info] 
[debug] [2025-07-22T12:46:49.498Z] Checked if tokens are valid: true, expires at: 1753190839310
[debug] [2025-07-22T12:46:49.498Z] Checked if tokens are valid: true, expires at: 1753190839310
[debug] [2025-07-22T12:46:49.498Z] >>> [apiv2][query] GET https://firebaserules.googleapis.com/v1/projects/raseed-backend-2025/releases pageSize=10&pageToken=
[debug] [2025-07-22T12:46:51.617Z] <<< [apiv2][status] GET https://firebaserules.googleapis.com/v1/projects/raseed-backend-2025/releases 200
[debug] [2025-07-22T12:46:51.617Z] <<< [apiv2][body] GET https://firebaserules.googleapis.com/v1/projects/raseed-backend-2025/releases {}
[info] 
[info] Firestore indexes allow you to perform complex queries while
[info] maintaining performance that scales with the size of the result
[info] set. You can keep index definitions in your project directory
[info] and publish them with firebase deploy.
[info] 
[debug] [2025-07-22T12:52:58.044Z] Checked if tokens are valid: true, expires at: 1753190839310
[debug] [2025-07-22T12:52:58.045Z] Checked if tokens are valid: true, expires at: 1753190839310
[debug] [2025-07-22T12:52:58.045Z] Checked if tokens are valid: true, expires at: 1753190839310
[debug] [2025-07-22T12:52:58.045Z] Checked if tokens are valid: true, expires at: 1753190839310
[debug] [2025-07-22T12:52:58.045Z] >>> [apiv2][query] GET https://firestore.googleapis.com/v1/projects/raseed-backend-2025/databases/(default)/collectionGroups/-/indexes [none]
[debug] [2025-07-22T12:52:58.048Z] >>> [apiv2][query] GET https://firestore.googleapis.com/v1/projects/raseed-backend-2025/databases/(default)/collectionGroups/-/fields?filter=indexConfig.usesAncestorConfig=false OR ttlConfig:* [none]
[debug] [2025-07-22T12:52:58.872Z] <<< [apiv2][status] GET https://firestore.googleapis.com/v1/projects/raseed-backend-2025/databases/(default)/collectionGroups/-/indexes 404
[debug] [2025-07-22T12:52:58.872Z] <<< [apiv2][body] GET https://firestore.googleapis.com/v1/projects/raseed-backend-2025/databases/(default)/collectionGroups/-/indexes {"error":{"code":404,"message":"Project 'raseed-backend-2025' or database '(default)' does not exist.","status":"NOT_FOUND"}}
[info] +  Wrote rules 
[info] +  Wrote json 
[info] 
=== Genkit Setup
[debug] [2025-07-22T12:52:58.950Z] <<< [apiv2][status] GET https://firestore.googleapis.com/v1/projects/raseed-backend-2025/databases/(default)/collectionGroups/-/fields?filter=indexConfig.usesAncestorConfig=false OR ttlConfig:* 404
[debug] [2025-07-22T12:52:58.951Z] <<< [apiv2][body] GET https://firestore.googleapis.com/v1/projects/raseed-backend-2025/databases/(default)/collectionGroups/-/fields?filter=indexConfig.usesAncestorConfig=false OR ttlConfig:* {"error":{"code":404,"message":"Project 'raseed-backend-2025' or database '(default)' does not exist.","status":"NOT_FOUND"}}
[debug] [2025-07-22T12:55:21.600Z] > command requires scopes: ["email","openid","https://www.googleapis.com/auth/cloudplatformprojects.readonly","https://www.googleapis.com/auth/firebase","https://www.googleapis.com/auth/cloud-platform"]
[debug] [2025-07-22T12:55:21.601Z] > authorizing via signed-in user (suganthk2005@gmail.com)
[debug] [2025-07-22T12:55:21.601Z] [iam] checking project raseed-backend-2025 for permissions ["firebase.projects.get"]
[debug] [2025-07-22T12:55:21.601Z] Checked if tokens are valid: true, expires at: 1753190839310
[debug] [2025-07-22T12:55:21.601Z] Checked if tokens are valid: true, expires at: 1753190839310
[debug] [2025-07-22T12:55:21.602Z] >>> [apiv2][query] POST https://cloudresourcemanager.googleapis.com/v1/projects/raseed-backend-2025:testIamPermissions [none]
[debug] [2025-07-22T12:55:21.602Z] >>> [apiv2][(partial)header] POST https://cloudresourcemanager.googleapis.com/v1/projects/raseed-backend-2025:testIamPermissions x-goog-quota-user=projects/raseed-backend-2025
[debug] [2025-07-22T12:55:21.602Z] >>> [apiv2][body] POST https://cloudresourcemanager.googleapis.com/v1/projects/raseed-backend-2025:testIamPermissions {"permissions":["firebase.projects.get"]}
[debug] [2025-07-22T12:55:23.367Z] <<< [apiv2][status] POST https://cloudresourcemanager.googleapis.com/v1/projects/raseed-backend-2025:testIamPermissions 200
[debug] [2025-07-22T12:55:23.367Z] <<< [apiv2][body] POST https://cloudresourcemanager.googleapis.com/v1/projects/raseed-backend-2025:testIamPermissions {"permissions":["firebase.projects.get"]}
[debug] [2025-07-22T12:55:23.368Z] Checked if tokens are valid: true, expires at: 1753190839310
[debug] [2025-07-22T12:55:23.368Z] Checked if tokens are valid: true, expires at: 1753190839310
[debug] [2025-07-22T12:55:23.368Z] Checked if tokens are valid: true, expires at: 1753190839310
[debug] [2025-07-22T12:55:23.368Z] Checked if tokens are valid: true, expires at: 1753190839310
[debug] [2025-07-22T12:55:23.368Z] >>> [apiv2][query] GET https://serviceusage.googleapis.com/v1/projects/raseed-backend-2025/services/cloudfunctions.googleapis.com [none]
[debug] [2025-07-22T12:55:23.368Z] >>> [apiv2][(partial)header] GET https://serviceusage.googleapis.com/v1/projects/raseed-backend-2025/services/cloudfunctions.googleapis.com x-goog-quota-user=projects/raseed-backend-2025
[debug] [2025-07-22T12:55:23.370Z] >>> [apiv2][query] GET https://serviceusage.googleapis.com/v1/projects/raseed-backend-2025/services/runtimeconfig.googleapis.com [none]
[debug] [2025-07-22T12:55:23.371Z] >>> [apiv2][(partial)header] GET https://serviceusage.googleapis.com/v1/projects/raseed-backend-2025/services/runtimeconfig.googleapis.com x-goog-quota-user=projects/raseed-backend-2025
[debug] [2025-07-22T12:55:25.429Z] <<< [apiv2][status] GET https://serviceusage.googleapis.com/v1/projects/raseed-backend-2025/services/runtimeconfig.googleapis.com 200
[debug] [2025-07-22T12:55:25.430Z] <<< [apiv2][body] GET https://serviceusage.googleapis.com/v1/projects/raseed-backend-2025/services/runtimeconfig.googleapis.com [omitted]
[debug] [2025-07-22T12:55:25.465Z] <<< [apiv2][status] GET https://serviceusage.googleapis.com/v1/projects/raseed-backend-2025/services/cloudfunctions.googleapis.com 200
[debug] [2025-07-22T12:55:25.466Z] <<< [apiv2][body] GET https://serviceusage.googleapis.com/v1/projects/raseed-backend-2025/services/cloudfunctions.googleapis.com [omitted]
[debug] [2025-07-22T12:55:25.466Z] Checked if tokens are valid: true, expires at: 1753190839310
[debug] [2025-07-22T12:55:25.466Z] Checked if tokens are valid: true, expires at: 1753190839310
[debug] [2025-07-22T12:55:25.466Z] >>> [apiv2][query] POST https://serviceusage.googleapis.com/v1/projects/raseed-backend-2025/services/cloudfunctions.googleapis.com:enable [none]
[debug] [2025-07-22T12:55:25.466Z] >>> [apiv2][(partial)header] POST https://serviceusage.googleapis.com/v1/projects/raseed-backend-2025/services/cloudfunctions.googleapis.com:enable x-goog-quota-user=projects/raseed-backend-2025
[debug] [2025-07-22T12:55:26.039Z] <<< [apiv2][status] POST https://serviceusage.googleapis.com/v1/projects/raseed-backend-2025/services/cloudfunctions.googleapis.com:enable 200
[debug] [2025-07-22T12:55:26.039Z] <<< [apiv2][body] POST https://serviceusage.googleapis.com/v1/projects/raseed-backend-2025/services/cloudfunctions.googleapis.com:enable [omitted]
[info] Let's create a new codebase for your functions.
[info] A directory corresponding to the codebase will be created in your project
[info] with sample code pre-configured.

[info] See https://firebase.google.com/docs/functions/organize-functions for
[info] more information on organizing your functions using codebases.

[info] Functions can be deployed with firebase deploy.

[info] +  Wrote functions/package.json 
[info] +  Wrote functions/.eslintrc.js 
[info] +  Wrote functions/tsconfig.dev.json 
[info] +  Wrote functions/tsconfig.json 
[info] +  Wrote functions/src/index.ts 
[info] +  Wrote functions/.gitignore 
[info] 
[info] i  genkit: Installing Genkit CLI version 1.15.2
 
[info] i  genkit: Installing NPM packages for genkit 
[info] +  genkit: Successfully installed NPM packages 
[info] i  genkit: Updating tsconfig.json 
[warn] !  genkit: Skipped updating tsconfig.json 
[info] i  genkit: Updating package.json 
[warn] !  genkit: Skipped updating package.json 
[info] 
[info] 
Login to Google Cloud using:
[info]     gcloud auth application-default login --project raseed-backend-2025

[info] Then start the Genkit developer experience by running:
[info]     cd functions && npm run genkit:start
[info] 
=== Functions Setup
[debug] [2025-07-22T13:00:01.083Z] > command requires scopes: ["email","openid","https://www.googleapis.com/auth/cloudplatformprojects.readonly","https://www.googleapis.com/auth/firebase","https://www.googleapis.com/auth/cloud-platform"]
[debug] [2025-07-22T13:00:01.083Z] > authorizing via signed-in user (suganthk2005@gmail.com)
[debug] [2025-07-22T13:00:01.083Z] [iam] checking project raseed-backend-2025 for permissions ["firebase.projects.get"]
[debug] [2025-07-22T13:00:01.083Z] Checked if tokens are valid: true, expires at: 1753190839310
[debug] [2025-07-22T13:00:01.084Z] Checked if tokens are valid: true, expires at: 1753190839310
[debug] [2025-07-22T13:00:01.084Z] >>> [apiv2][query] POST https://cloudresourcemanager.googleapis.com/v1/projects/raseed-backend-2025:testIamPermissions [none]
[debug] [2025-07-22T13:00:01.084Z] >>> [apiv2][(partial)header] POST https://cloudresourcemanager.googleapis.com/v1/projects/raseed-backend-2025:testIamPermissions x-goog-quota-user=projects/raseed-backend-2025
[debug] [2025-07-22T13:00:01.084Z] >>> [apiv2][body] POST https://cloudresourcemanager.googleapis.com/v1/projects/raseed-backend-2025:testIamPermissions {"permissions":["firebase.projects.get"]}
[debug] [2025-07-22T13:00:02.904Z] <<< [apiv2][status] POST https://cloudresourcemanager.googleapis.com/v1/projects/raseed-backend-2025:testIamPermissions 200
[debug] [2025-07-22T13:00:02.904Z] <<< [apiv2][body] POST https://cloudresourcemanager.googleapis.com/v1/projects/raseed-backend-2025:testIamPermissions {"permissions":["firebase.projects.get"]}
[info] 
Detected existing codebase(s): default

[info] Let's create a new codebase for your functions.
[info] A directory corresponding to the codebase will be created in your project
[info] with sample code pre-configured.

[info] See https://firebase.google.com/docs/functions/organize-functions for
[info] more information on organizing your functions using codebases.

[info] Functions can be deployed with firebase deploy.

[info] +  Wrote app/requirements.txt 
[info] +  Wrote app/.gitignore 
[info] +  Wrote app/main.py 
[debug] [2025-07-22T13:00:45.078Z] Running command with virtualenv: command="D:\VS Project\Agentic\Raseed-Backend\ui_new\app\venv\Scripts\activate.bat", args=["","&&","pip3","install","--upgrade","pip"]
[debug] [2025-07-22T13:00:55.037Z] Running command with virtualenv: command="D:\VS Project\Agentic\Raseed-Backend\ui_new\app\venv\Scripts\activate.bat", args=["","&&","python.exe","-m","pip","install","-r","requirements.txt"]
[info] 
=== App Hosting Setup
[debug] [2025-07-22T13:04:03.003Z] Checked if tokens are valid: true, expires at: 1753190839310
[debug] [2025-07-22T13:04:03.003Z] Checked if tokens are valid: true, expires at: 1753190839310
[debug] [2025-07-22T13:04:03.004Z] >>> [apiv2][query] GET https://serviceusage.googleapis.com/v1/projects/raseed-backend-2025/services/firebaseapphosting.googleapis.com [none]
[debug] [2025-07-22T13:04:03.004Z] >>> [apiv2][(partial)header] GET https://serviceusage.googleapis.com/v1/projects/raseed-backend-2025/services/firebaseapphosting.googleapis.com x-goog-quota-user=projects/raseed-backend-2025
[debug] [2025-07-22T13:04:05.030Z] <<< [apiv2][status] GET https://serviceusage.googleapis.com/v1/projects/raseed-backend-2025/services/firebaseapphosting.googleapis.com 200
[debug] [2025-07-22T13:04:05.030Z] <<< [apiv2][body] GET https://serviceusage.googleapis.com/v1/projects/raseed-backend-2025/services/firebaseapphosting.googleapis.com [omitted]
[debug] [2025-07-22T13:04:05.030Z] Checked if tokens are valid: true, expires at: 1753190839310
[debug] [2025-07-22T13:04:05.030Z] Checked if tokens are valid: true, expires at: 1753190839310
[debug] [2025-07-22T13:04:05.030Z] >>> [apiv2][query] POST https://serviceusage.googleapis.com/v1/projects/raseed-backend-2025/services/firebaseapphosting.googleapis.com:enable [none]
[debug] [2025-07-22T13:04:05.030Z] >>> [apiv2][(partial)header] POST https://serviceusage.googleapis.com/v1/projects/raseed-backend-2025/services/firebaseapphosting.googleapis.com:enable x-goog-quota-user=projects/raseed-backend-2025
[debug] [2025-07-22T13:04:05.800Z] <<< [apiv2][status] POST https://serviceusage.googleapis.com/v1/projects/raseed-backend-2025/services/firebaseapphosting.googleapis.com:enable 200
[debug] [2025-07-22T13:04:05.801Z] <<< [apiv2][body] POST https://serviceusage.googleapis.com/v1/projects/raseed-backend-2025/services/firebaseapphosting.googleapis.com:enable [omitted]
[debug] [2025-07-22T13:04:15.820Z] Checked if tokens are valid: true, expires at: 1753190839310
[debug] [2025-07-22T13:04:15.821Z] Checked if tokens are valid: true, expires at: 1753190839310
[debug] [2025-07-22T13:04:15.822Z] Checked if tokens are valid: true, expires at: 1753190839310
[debug] [2025-07-22T13:04:15.822Z] Checked if tokens are valid: true, expires at: 1753190839310
[debug] [2025-07-22T13:04:15.822Z] Checked if tokens are valid: true, expires at: 1753190839310
[debug] [2025-07-22T13:04:15.822Z] Checked if tokens are valid: true, expires at: 1753190839310
[debug] [2025-07-22T13:04:15.823Z] Checked if tokens are valid: true, expires at: 1753190839310
[debug] [2025-07-22T13:04:15.823Z] Checked if tokens are valid: true, expires at: 1753190839310
[debug] [2025-07-22T13:04:15.823Z] Checked if tokens are valid: true, expires at: 1753190839310
[debug] [2025-07-22T13:04:15.823Z] Checked if tokens are valid: true, expires at: 1753190839310
[debug] [2025-07-22T13:04:15.824Z] Checked if tokens are valid: true, expires at: 1753190839310
[debug] [2025-07-22T13:04:15.824Z] Checked if tokens are valid: true, expires at: 1753190839310
[debug] [2025-07-22T13:04:15.825Z] >>> [apiv2][query] GET https://serviceusage.googleapis.com/v1/projects/raseed-backend-2025/services/developerconnect.googleapis.com [none]
[debug] [2025-07-22T13:04:15.825Z] >>> [apiv2][(partial)header] GET https://serviceusage.googleapis.com/v1/projects/raseed-backend-2025/services/developerconnect.googleapis.com x-goog-quota-user=projects/raseed-backend-2025
[debug] [2025-07-22T13:04:15.827Z] >>> [apiv2][query] GET https://serviceusage.googleapis.com/v1/projects/raseed-backend-2025/services/cloudbuild.googleapis.com [none]
[debug] [2025-07-22T13:04:15.827Z] >>> [apiv2][(partial)header] GET https://serviceusage.googleapis.com/v1/projects/raseed-backend-2025/services/cloudbuild.googleapis.com x-goog-quota-user=projects/raseed-backend-2025
[debug] [2025-07-22T13:04:15.829Z] >>> [apiv2][query] GET https://serviceusage.googleapis.com/v1/projects/raseed-backend-2025/services/secretmanager.googleapis.com [none]
[debug] [2025-07-22T13:04:15.829Z] >>> [apiv2][(partial)header] GET https://serviceusage.googleapis.com/v1/projects/raseed-backend-2025/services/secretmanager.googleapis.com x-goog-quota-user=projects/raseed-backend-2025
[debug] [2025-07-22T13:04:15.831Z] >>> [apiv2][query] GET https://serviceusage.googleapis.com/v1/projects/raseed-backend-2025/services/run.googleapis.com [none]
[debug] [2025-07-22T13:04:15.831Z] >>> [apiv2][(partial)header] GET https://serviceusage.googleapis.com/v1/projects/raseed-backend-2025/services/run.googleapis.com x-goog-quota-user=projects/raseed-backend-2025
[debug] [2025-07-22T13:04:15.833Z] >>> [apiv2][query] GET https://serviceusage.googleapis.com/v1/projects/raseed-backend-2025/services/artifactregistry.googleapis.com [none]
[debug] [2025-07-22T13:04:15.833Z] >>> [apiv2][(partial)header] GET https://serviceusage.googleapis.com/v1/projects/raseed-backend-2025/services/artifactregistry.googleapis.com x-goog-quota-user=projects/raseed-backend-2025
[debug] [2025-07-22T13:04:15.835Z] >>> [apiv2][query] GET https://serviceusage.googleapis.com/v1/projects/raseed-backend-2025/services/iam.googleapis.com [none]
[debug] [2025-07-22T13:04:15.835Z] >>> [apiv2][(partial)header] GET https://serviceusage.googleapis.com/v1/projects/raseed-backend-2025/services/iam.googleapis.com x-goog-quota-user=projects/raseed-backend-2025
[debug] [2025-07-22T13:04:17.808Z] <<< [apiv2][status] GET https://serviceusage.googleapis.com/v1/projects/raseed-backend-2025/services/secretmanager.googleapis.com 200
[debug] [2025-07-22T13:04:17.809Z] <<< [apiv2][body] GET https://serviceusage.googleapis.com/v1/projects/raseed-backend-2025/services/secretmanager.googleapis.com [omitted]
[debug] [2025-07-22T13:04:17.849Z] <<< [apiv2][status] GET https://serviceusage.googleapis.com/v1/projects/raseed-backend-2025/services/run.googleapis.com 200
[debug] [2025-07-22T13:04:17.849Z] <<< [apiv2][body] GET https://serviceusage.googleapis.com/v1/projects/raseed-backend-2025/services/run.googleapis.com [omitted]
[debug] [2025-07-22T13:04:17.855Z] <<< [apiv2][status] GET https://serviceusage.googleapis.com/v1/projects/raseed-backend-2025/services/developerconnect.googleapis.com 200
[debug] [2025-07-22T13:04:17.855Z] <<< [apiv2][body] GET https://serviceusage.googleapis.com/v1/projects/raseed-backend-2025/services/developerconnect.googleapis.com [omitted]
[debug] [2025-07-22T13:04:17.855Z] Checked if tokens are valid: true, expires at: 1753190839310
[debug] [2025-07-22T13:04:17.855Z] Checked if tokens are valid: true, expires at: 1753190839310
[debug] [2025-07-22T13:04:17.855Z] >>> [apiv2][query] POST https://serviceusage.googleapis.com/v1/projects/raseed-backend-2025/services/developerconnect.googleapis.com:enable [none]
[debug] [2025-07-22T13:04:17.856Z] >>> [apiv2][(partial)header] POST https://serviceusage.googleapis.com/v1/projects/raseed-backend-2025/services/developerconnect.googleapis.com:enable x-goog-quota-user=projects/raseed-backend-2025
[debug] [2025-07-22T13:04:17.859Z] <<< [apiv2][status] GET https://serviceusage.googleapis.com/v1/projects/raseed-backend-2025/services/cloudbuild.googleapis.com 200
[debug] [2025-07-22T13:04:17.859Z] <<< [apiv2][body] GET https://serviceusage.googleapis.com/v1/projects/raseed-backend-2025/services/cloudbuild.googleapis.com [omitted]
[debug] [2025-07-22T13:04:17.864Z] <<< [apiv2][status] GET https://serviceusage.googleapis.com/v1/projects/raseed-backend-2025/services/iam.googleapis.com 200
[debug] [2025-07-22T13:04:17.864Z] <<< [apiv2][body] GET https://serviceusage.googleapis.com/v1/projects/raseed-backend-2025/services/iam.googleapis.com [omitted]
[debug] [2025-07-22T13:04:17.870Z] <<< [apiv2][status] GET https://serviceusage.googleapis.com/v1/projects/raseed-backend-2025/services/artifactregistry.googleapis.com 200
[debug] [2025-07-22T13:04:17.870Z] <<< [apiv2][body] GET https://serviceusage.googleapis.com/v1/projects/raseed-backend-2025/services/artifactregistry.googleapis.com [omitted]
[debug] [2025-07-22T13:04:18.518Z] <<< [apiv2][status] POST https://serviceusage.googleapis.com/v1/projects/raseed-backend-2025/services/developerconnect.googleapis.com:enable 200
[debug] [2025-07-22T13:04:18.518Z] <<< [apiv2][body] POST https://serviceusage.googleapis.com/v1/projects/raseed-backend-2025/services/developerconnect.googleapis.com:enable [omitted]
[debug] [2025-07-22T13:04:28.560Z] Checked if tokens are valid: true, expires at: 1753190839310
[debug] [2025-07-22T13:04:28.560Z] Checked if tokens are valid: true, expires at: 1753190839310
[debug] [2025-07-22T13:04:28.560Z] >>> [apiv2][query] POST https://iam.googleapis.com/v1/projects/raseed-backend-2025/serviceAccounts/firebase-app-hosting-compute@raseed-backend-2025.iam.gserviceaccount.com:testIamPermissions [none]
[debug] [2025-07-22T13:04:28.560Z] >>> [apiv2][(partial)header] POST https://iam.googleapis.com/v1/projects/raseed-backend-2025/serviceAccounts/firebase-app-hosting-compute@raseed-backend-2025.iam.gserviceaccount.com:testIamPermissions x-goog-quota-user=projects/raseed-backend-2025
[debug] [2025-07-22T13:04:28.560Z] >>> [apiv2][body] POST https://iam.googleapis.com/v1/projects/raseed-backend-2025/serviceAccounts/firebase-app-hosting-compute@raseed-backend-2025.iam.gserviceaccount.com:testIamPermissions {"permissions":["iam.serviceAccounts.actAs"]}
[debug] [2025-07-22T13:04:29.984Z] <<< [apiv2][status] POST https://iam.googleapis.com/v1/projects/raseed-backend-2025/serviceAccounts/firebase-app-hosting-compute@raseed-backend-2025.iam.gserviceaccount.com:testIamPermissions 404
[debug] [2025-07-22T13:04:29.984Z] <<< [apiv2][body] POST https://iam.googleapis.com/v1/projects/raseed-backend-2025/serviceAccounts/firebase-app-hosting-compute@raseed-backend-2025.iam.gserviceaccount.com:testIamPermissions {"error":{"code":404,"message":"Unknown service account","status":"NOT_FOUND"}}
[debug] [2025-07-22T13:04:29.985Z] Checked if tokens are valid: true, expires at: 1753190839310
[debug] [2025-07-22T13:04:29.985Z] Checked if tokens are valid: true, expires at: 1753190839310
[debug] [2025-07-22T13:04:29.985Z] >>> [apiv2][query] POST https://iam.googleapis.com/v1/projects/raseed-backend-2025/serviceAccounts [none]
[debug] [2025-07-22T13:04:29.985Z] >>> [apiv2][body] POST https://iam.googleapis.com/v1/projects/raseed-backend-2025/serviceAccounts {"accountId":"firebase-app-hosting-compute","serviceAccount":{"displayName":"Firebase App Hosting compute service account","description":"Default service account used to run builds and deploys for Firebase App Hosting"}}
[debug] [2025-07-22T13:04:32.125Z] <<< [apiv2][status] POST https://iam.googleapis.com/v1/projects/raseed-backend-2025/serviceAccounts 200
[debug] [2025-07-22T13:04:32.125Z] <<< [apiv2][body] POST https://iam.googleapis.com/v1/projects/raseed-backend-2025/serviceAccounts [omitted]
[debug] [2025-07-22T13:04:32.126Z] Checked if tokens are valid: true, expires at: 1753190839310
[debug] [2025-07-22T13:04:32.126Z] Checked if tokens are valid: true, expires at: 1753190839310
[debug] [2025-07-22T13:04:32.126Z] >>> [apiv2][query] POST https://cloudresourcemanager.googleapis.com/v1/projects/raseed-backend-2025:getIamPolicy [none]
[debug] [2025-07-22T13:04:34.279Z] <<< [apiv2][status] POST https://cloudresourcemanager.googleapis.com/v1/projects/raseed-backend-2025:getIamPolicy 200
[debug] [2025-07-22T13:04:34.279Z] <<< [apiv2][body] POST https://cloudresourcemanager.googleapis.com/v1/projects/raseed-backend-2025:getIamPolicy {"version":1,"etag":"BwY6hDp+pKg=","bindings":[{"role":"roles/browser","members":["user:suganthk2005@gmail.com"]},{"role":"roles/cloudbuild.builds.builder","members":["serviceAccount:381171297188@cloudbuild.gserviceaccount.com"]},{"role":"roles/cloudbuild.serviceAgent","members":["serviceAccount:service-381171297188@gcp-sa-cloudbuild.iam.gserviceaccount.com"]},{"role":"roles/cloudfunctions.serviceAgent","members":["serviceAccount:service-381171297188@gcf-admin-robot.iam.gserviceaccount.com"]},{"role":"roles/compute.serviceAgent","members":["serviceAccount:service-381171297188@compute-system.iam.gserviceaccount.com"]},{"role":"roles/containerregistry.ServiceAgent","members":["serviceAccount:service-381171297188@containerregistry.iam.gserviceaccount.com"]},{"role":"roles/documentai.apiUser","members":["serviceAccount:raseed-document-ai@raseed-backend-2025.iam.gserviceaccount.com"]},{"role":"roles/documentaicore.serviceAgent","members":["serviceAccount:raseed-document-ai@raseed-backend-2025.iam.gserviceaccount.com","serviceAccount:service-381171297188@gcp-sa-prod-dai-core.iam.gserviceaccount.com"]},{"role":"roles/editor","members":["serviceAccount:381171297188-compute@developer.gserviceaccount.com","serviceAccount:381171297188@cloudservices.gserviceaccount.com","serviceAccount:raseed-backend-2025@appspot.gserviceaccount.com"]},{"role":"roles/firebase.managementServiceAgent","members":["serviceAccount:service-381171297188@gcp-sa-firebase.iam.gserviceaccount.com"]},{"role":"roles/firebase.sdkAdminServiceAgent","members":["serviceAccount:firebase-adminsdk-fbsvc@raseed-backend-2025.iam.gserviceaccount.com"]},{"role":"roles/iam.serviceAccountTokenCreator","members":["serviceAccount:firebase-adminsdk-fbsvc@raseed-backend-2025.iam.gserviceaccount.com"]},{"role":"roles/owner","members":["serviceAccount:wallet-pass-service@raseed-backend-2025.iam.gserviceaccount.com","user:suganthk2005@gmail.com"]},{"role":"roles/run.serviceAgent","members":["serviceAccount:service-381171297188@serverless-robot-prod.iam.gserviceaccount.com"]}]}
[debug] [2025-07-22T13:04:34.280Z] Checked if tokens are valid: true, expires at: 1753190839310
[debug] [2025-07-22T13:04:34.280Z] Checked if tokens are valid: true, expires at: 1753190839310
[debug] [2025-07-22T13:04:34.280Z] >>> [apiv2][query] POST https://cloudresourcemanager.googleapis.com/v1/projects/raseed-backend-2025:setIamPolicy [none]
[debug] [2025-07-22T13:04:34.280Z] >>> [apiv2][body] POST https://cloudresourcemanager.googleapis.com/v1/projects/raseed-backend-2025:setIamPolicy {"policy":{"version":1,"etag":"BwY6hDp+pKg=","bindings":[{"role":"roles/browser","members":["user:suganthk2005@gmail.com"]},{"role":"roles/cloudbuild.builds.builder","members":["serviceAccount:381171297188@cloudbuild.gserviceaccount.com"]},{"role":"roles/cloudbuild.serviceAgent","members":["serviceAccount:service-381171297188@gcp-sa-cloudbuild.iam.gserviceaccount.com"]},{"role":"roles/cloudfunctions.serviceAgent","members":["serviceAccount:service-381171297188@gcf-admin-robot.iam.gserviceaccount.com"]},{"role":"roles/compute.serviceAgent","members":["serviceAccount:service-381171297188@compute-system.iam.gserviceaccount.com"]},{"role":"roles/containerregistry.ServiceAgent","members":["serviceAccount:service-381171297188@containerregistry.iam.gserviceaccount.com"]},{"role":"roles/documentai.apiUser","members":["serviceAccount:raseed-document-ai@raseed-backend-2025.iam.gserviceaccount.com"]},{"role":"roles/documentaicore.serviceAgent","members":["serviceAccount:raseed-document-ai@raseed-backend-2025.iam.gserviceaccount.com","serviceAccount:service-381171297188@gcp-sa-prod-dai-core.iam.gserviceaccount.com"]},{"role":"roles/editor","members":["serviceAccount:381171297188-compute@developer.gserviceaccount.com","serviceAccount:381171297188@cloudservices.gserviceaccount.com","serviceAccount:raseed-backend-2025@appspot.gserviceaccount.com"]},{"role":"roles/firebase.managementServiceAgent","members":["serviceAccount:service-381171297188@gcp-sa-firebase.iam.gserviceaccount.com"]},{"role":"roles/firebase.sdkAdminServiceAgent","members":["serviceAccount:firebase-adminsdk-fbsvc@raseed-backend-2025.iam.gserviceaccount.com","serviceAccount:firebase-app-hosting-compute@raseed-backend-2025.iam.gserviceaccount.com"]},{"role":"roles/iam.serviceAccountTokenCreator","members":["serviceAccount:firebase-adminsdk-fbsvc@raseed-backend-2025.iam.gserviceaccount.com"]},{"role":"roles/owner","members":["serviceAccount:wallet-pass-service@raseed-backend-2025.iam.gserviceaccount.com","user:suganthk2005@gmail.com"]},{"role":"roles/run.serviceAgent","members":["serviceAccount:service-381171297188@serverless-robot-prod.iam.gserviceaccount.com"]},{"role":"roles/firebaseapphosting.computeRunner","members":["serviceAccount:firebase-app-hosting-compute@raseed-backend-2025.iam.gserviceaccount.com"]},{"role":"roles/developerconnect.readTokenAccessor","members":["serviceAccount:firebase-app-hosting-compute@raseed-backend-2025.iam.gserviceaccount.com"]},{"role":"roles/storage.objectViewer","members":["serviceAccount:firebase-app-hosting-compute@raseed-backend-2025.iam.gserviceaccount.com"]}]},"updateMask":"bindings"}
[debug] [2025-07-22T13:04:35.505Z] <<< [apiv2][status] POST https://cloudresourcemanager.googleapis.com/v1/projects/raseed-backend-2025:setIamPolicy 200
[debug] [2025-07-22T13:04:35.505Z] <<< [apiv2][body] POST https://cloudresourcemanager.googleapis.com/v1/projects/raseed-backend-2025:setIamPolicy {"version":1,"etag":"BwY6hDvu6vg=","bindings":[{"role":"roles/browser","members":["user:suganthk2005@gmail.com"]},{"role":"roles/cloudbuild.builds.builder","members":["serviceAccount:381171297188@cloudbuild.gserviceaccount.com"]},{"role":"roles/cloudbuild.serviceAgent","members":["serviceAccount:service-381171297188@gcp-sa-cloudbuild.iam.gserviceaccount.com"]},{"role":"roles/cloudfunctions.serviceAgent","members":["serviceAccount:service-381171297188@gcf-admin-robot.iam.gserviceaccount.com"]},{"role":"roles/compute.serviceAgent","members":["serviceAccount:service-381171297188@compute-system.iam.gserviceaccount.com"]},{"role":"roles/containerregistry.ServiceAgent","members":["serviceAccount:service-381171297188@containerregistry.iam.gserviceaccount.com"]},{"role":"roles/developerconnect.readTokenAccessor","members":["serviceAccount:firebase-app-hosting-compute@raseed-backend-2025.iam.gserviceaccount.com"]},{"role":"roles/documentai.apiUser","members":["serviceAccount:raseed-document-ai@raseed-backend-2025.iam.gserviceaccount.com"]},{"role":"roles/documentaicore.serviceAgent","members":["serviceAccount:raseed-document-ai@raseed-backend-2025.iam.gserviceaccount.com","serviceAccount:service-381171297188@gcp-sa-prod-dai-core.iam.gserviceaccount.com"]},{"role":"roles/editor","members":["serviceAccount:381171297188-compute@developer.gserviceaccount.com","serviceAccount:381171297188@cloudservices.gserviceaccount.com","serviceAccount:raseed-backend-2025@appspot.gserviceaccount.com"]},{"role":"roles/firebase.managementServiceAgent","members":["serviceAccount:service-381171297188@gcp-sa-firebase.iam.gserviceaccount.com"]},{"role":"roles/firebase.sdkAdminServiceAgent","members":["serviceAccount:firebase-adminsdk-fbsvc@raseed-backend-2025.iam.gserviceaccount.com","serviceAccount:firebase-app-hosting-compute@raseed-backend-2025.iam.gserviceaccount.com"]},{"role":"roles/firebaseapphosting.computeRunner","members":["serviceAccount:firebase-app-hosting-compute@raseed-backend-2025.iam.gserviceaccount.com"]},{"role":"roles/iam.serviceAccountTokenCreator","members":["serviceAccount:firebase-adminsdk-fbsvc@raseed-backend-2025.iam.gserviceaccount.com"]},{"role":"roles/owner","members":["serviceAccount:wallet-pass-service@raseed-backend-2025.iam.gserviceaccount.com","user:suganthk2005@gmail.com"]},{"role":"roles/run.serviceAgent","members":["serviceAccount:service-381171297188@serverless-robot-prod.iam.gserviceaccount.com"]},{"role":"roles/storage.objectViewer","members":["serviceAccount:firebase-app-hosting-compute@raseed-backend-2025.iam.gserviceaccount.com"]}]}
[info] i  This command links your local project to Firebase App Hosting. You will be able to deploy your web app with `firebase deploy` after setup. 
[debug] [2025-07-22T13:04:39.504Z] Checked if tokens are valid: true, expires at: 1753190839310
[debug] [2025-07-22T13:04:39.504Z] Checked if tokens are valid: true, expires at: 1753190839310
[debug] [2025-07-22T13:04:39.505Z] >>> [apiv2][query] GET https://firebaseapphosting.googleapis.com/v1beta/projects/raseed-backend-2025/locations/-/backends 
[debug] [2025-07-22T13:04:42.474Z] <<< [apiv2][status] GET https://firebaseapphosting.googleapis.com/v1beta/projects/raseed-backend-2025/locations/-/backends 200
[debug] [2025-07-22T13:04:42.474Z] <<< [apiv2][body] GET https://firebaseapphosting.googleapis.com/v1beta/projects/raseed-backend-2025/locations/-/backends {}
[debug] [2025-07-22T13:04:58.237Z] ExitPromptError: User force closed the prompt with SIGINT
    at Interface.sigint (C:\Users\Sowhan\AppData\Roaming\npm\node_modules\firebase-tools\node_modules\@inquirer\core\dist\commonjs\lib\create-prompt.js:101:37)
    at Interface.emit (node:events:519:28)
    at Interface.emit (node:domain:488:12)
    at [_ttyWrite] [as _ttyWrite] (node:internal/readline/interface:1126:18)
    at ReadStream.onkeypress (node:internal/readline/interface:265:20)
    at ReadStream.emit (node:events:531:35)
    at ReadStream.emit (node:domain:488:12)
    at emitKeys (node:internal/readline/utils:371:14)
    at emitKeys.next (<anonymous>)
    at ReadStream.onData (node:internal/readline/emitKeypressEvents:64:36)
[error] 
[error] Error: An unexpected error has occurred.
