Flutter crash report.
Please report a bug at https://github.com/flutter/flutter/issues.

## command

flutter run -d chrome

## exception

ExistingDartDevelopmentServiceException: DartDevelopmentServiceException: JSON-RPC error 100: Existing VM service clients prevent DDS from taking control.

```
```

## flutter doctor

```
[32m[✓][39m Flutter (Channel beta, 3.35.0-0.0.pre, on Microsoft Windows [Version 10.0.26100.4652], locale en-IN) [611ms]
    [32m•[39m Flutter version 3.35.0-0.0.pre on channel beta at D:\flutter
    [32m•[39m Upstream repository https://github.com/flutter/flutter.git
    [32m•[39m Framework revision d86b4e9fd5 (3 days ago), 2025-07-16 12:49:11 -0700
    [32m•[39m Engine revision f85f6b62b6
    [32m•[39m Dart version 3.9.0 (build 3.9.0-333.2.beta)
    [32m•[39m DevTools version 2.48.0
    [32m•[39m Feature flags: enable-web, enable-linux-desktop, enable-macos-desktop, enable-windows-desktop, enable-android,
      enable-ios, cli-animations, enable-native-assets

[32m[✓][39m Windows Version (11 Home Single Language 64-bit, 24H2, 2009) [9.6s]

[32m[✓][39m Android toolchain - develop for Android devices (Android SDK version 36.0.0) [5.7s]
    [32m•[39m Android SDK at D:\AndroidStudioSDK
    [32m•[39m Emulator version 35.6.11.0 (build_id 13610412) (CL:N/A)
    [32m•[39m Platform android-36, build-tools 36.0.0
    [32m•[39m Java binary at: D:\Android Studio\jbr\bin\java
      This is the JDK bundled with the latest Android Studio installation on this machine.
      To manually set the JDK path, use: `flutter config --jdk-dir="path/to/jdk"`.
    [32m•[39m Java version OpenJDK Runtime Environment (build 21.0.6+-13391695-b895.109)
    [32m•[39m All Android licenses accepted.

[32m[✓][39m Chrome - develop for the web [153ms]
    [32m•[39m Chrome at C:\Program Files\Google\Chrome\Application\chrome.exe

[32m[✓][39m Visual Studio - develop Windows apps (Visual Studio Community 2022 17.14.9 (July 2025)) [152ms]
    [32m•[39m Visual Studio at D:\Microsoft Visual Studio\2022\Community
    [32m•[39m Visual Studio Community 2022 version 17.14.36310.24
    [32m•[39m Windows 10 SDK version 10.0.26100.0

[32m[✓][39m Android Studio (version 2025.1.1) [8ms]
    [32m•[39m Android Studio at D:\Android Studio
    [32m•[39m Flutter plugin can be installed from:
      🔨 https://plugins.jetbrains.com/plugin/9212-flutter
    [32m•[39m Dart plugin can be installed from:
      🔨 https://plugins.jetbrains.com/plugin/6351-dart
    [32m•[39m Java version OpenJDK Runtime Environment (build 21.0.6+-13391695-b895.109)

[32m[✓][39m Connected device (3 available) [335ms]
    [32m•[39m Windows (desktop) • windows • windows-x64    • Microsoft Windows [Version 10.0.26100.4652]
    [32m•[39m Chrome (web)      • chrome  • web-javascript • Google Chrome 138.0.7204.158
    [32m•[39m Edge (web)        • edge    • web-javascript • Microsoft Edge 138.0.3351.95

[32m[✓][39m Network resources [792ms]
    [32m•[39m All expected network resources are available.

[32m•[39m No issues found!
```
